<?xml version="1.0" encoding="UTF-8" ?>
<testsuite failures="0" time="2.814" errors="0" skipped="0" tests="4" name="com.formulasearchengine.backend.rest.HelloResourceSpecTest">
  <properties>
[...]
</properties>
  <testcase time="1.208" classname="com.formulasearchengine.backend.rest.HelloResourceSpecTest" name="should admin say hello"/>
  <testcase time="0.357" classname="com.formulasearchengine.backend.rest.HelloResourceSpecTest" name="should admin say hello"/>
  <testcase time="0.346" classname="com.formulasearchengine.backend.rest.HelloResourceSpecTest" name="should user1 say hello"/>
  <testcase time="0.903" classname="com.formulasearchengine.backend.rest.HelloResourceSpecTest" name="should user2 not say hello"/>
</testsuite>